[21:09:34] [ServerMain/INFO]: Environment: Environment[sessionHost=https://sessionserver.mojang.com, servicesHost=https://api.minecraftservices.com, name=PROD]
[21:09:34] [ServerMain/INFO]: Loaded 1174 recipes
[21:09:34] [ServerMain/INFO]: Loaded 1271 advancements
[21:09:35] [Server thread/INFO]: Starting minecraft server version 1.20.4
[21:09:35] [Server thread/INFO]: Loading properties
[21:09:35] [Server thread/INFO]: This server is running Paper version git-Paper-429 (MC: 1.20.4) (Implementing API version 1.20.4-R0.1-SNAPSHOT) (Git: 351923d)
[21:09:35] [Server thread/INFO]: Server Ping Player Sample Count: 12
[21:09:35] [Server thread/INFO]: Using 4 threads for Netty based IO
[21:09:35] [Server thread/WARN]: [!] The timings profiler has been enabled but has been scheduled for removal from Paper in the future.
    We recommend installing the spark profiler as a replacement: https://spark.lucko.me/
    For more information please visit: https://github.com/PaperMC/Paper/issues/8948
[21:09:35] [Server thread/INFO]: [ChunkTaskScheduler] Chunk system is using 1 I/O threads, 3 worker threads, and gen parallelism of 3 threads
[21:09:35] [Server thread/INFO]: Default game type: SURVIVAL
[21:09:35] [Server thread/INFO]: Generating keypair
[21:09:35] [Server thread/INFO]: Starting Minecraft server on *:25565
[21:09:35] [Server thread/INFO]: Using default channel type
[21:09:35] [Server thread/INFO]: Paper: Using libdeflate (macOS ARM64 / Apple Silicon) compression from Velocity.
[21:09:35] [Server thread/INFO]: Paper: Using native (macOS ARM64 / Apple Silicon) cipher from Velocity.
[21:09:35] [Server thread/INFO]: Server permissions file permissions.yml is empty, ignoring it
[21:09:35] [Server thread/INFO]: Preparing level "world"
[21:09:35] [Server thread/INFO]: Preparing start region for dimension minecraft:overworld
[21:09:36] [Server thread/INFO]: Time elapsed: 655 ms
[21:09:36] [Server thread/INFO]: Preparing start region for dimension minecraft:the_nether
[21:09:36] [Server thread/INFO]: Time elapsed: 36 ms
[21:09:36] [Server thread/INFO]: Preparing start region for dimension minecraft:the_end
[21:09:36] [Server thread/INFO]: Time elapsed: 23 ms
[21:09:36] [Server thread/INFO]: Running delayed init tasks
[21:09:36] [Server thread/INFO]: Done (1.709s)! For help, type "help"
[21:09:36] [Server thread/INFO]: Timings Reset
[21:09:56] [User Authenticator #0/INFO]: UUID of player Bqckword is ae2c2d7c-8b7c-435e-9ac3-ee9d58d8b2f4
[21:09:56] [Server thread/INFO]: Bqckword joined the game
[21:09:56] [Server thread/INFO]: Bqckword[/127.0.0.1:53348] logged in with entity id 179 at ([world]-137.5, 75.0, -0.5)
[21:10:20] [Server thread/INFO]: Bqckword issued server command: /gamemode creative
[21:10:24] [Server thread/INFO]: Made Bqckword a server operator
[21:10:29] [Server thread/INFO]: Bqckword issued server command: /gamemode creative
[21:10:29] [Server thread/INFO]: [Bqckword: Set own game mode to Creative Mode]
[21:12:25] [Server thread/INFO]: Bqckword lost connection: Disconnected
[21:12:25] [Server thread/INFO]: Bqckword left the game
[21:15:46] [User Authenticator #1/INFO]: UUID of player Bqckword is ae2c2d7c-8b7c-435e-9ac3-ee9d58d8b2f4
[21:15:46] [Server thread/INFO]: Bqckword joined the game
[21:15:46] [Server thread/INFO]: Bqckword[/127.0.0.1:53788] logged in with entity id 700 at ([world]-137.43623654026024, 75.0, 0.2175634109896463)
[21:16:10] [Server thread/INFO]: Bqckword lost connection: Disconnected
[21:16:10] [Server thread/INFO]: Bqckword left the game
[21:17:43] [User Authenticator #2/INFO]: UUID of player Bqckword is ae2c2d7c-8b7c-435e-9ac3-ee9d58d8b2f4
[21:17:43] [Server thread/INFO]: Bqckword joined the game
[21:17:43] [Server thread/INFO]: Bqckword[/127.0.0.1:53874] logged in with entity id 752 at ([world]-137.43623654026024, 75.0, 0.2175634109896463)
[21:18:00] [Server thread/INFO]: Bqckword lost connection: Disconnected
[21:18:00] [Server thread/INFO]: Bqckword left the game
[21:19:03] [Server thread/INFO]: Unknown command. Type "/help" for help.
[21:19:05] [Server thread/INFO]: Unknown command. Type "/help" for help.
[21:19:05] [Server thread/INFO]: Stopping the server
[21:19:05] [Server thread/INFO]: Stopping server
[21:19:05] [Server thread/INFO]: Saving players
[21:19:06] [Server thread/INFO]: Saving worlds
[21:19:06] [Server thread/INFO]: Saving chunks for level 'ServerLevel[world]'/minecraft:overworld
[21:19:06] [Server thread/INFO]: [ChunkHolderManager] Waiting 60s for chunk system to halt for world 'world'
[21:19:06] [Server thread/INFO]: [ChunkHolderManager] Halted chunk system for world 'world'
[21:19:06] [Server thread/INFO]: [ChunkHolderManager] Saving all chunkholders for world 'world'
[21:19:06] [Server thread/INFO]: [ChunkHolderManager] Saved 1582 block chunks, 156 entity chunks, 0 poi chunks in world 'world' in 0.47s
[21:19:06] [Server thread/INFO]: ThreadedAnvilChunkStorage (world): All chunks are saved
[21:19:06] [Server thread/INFO]: Saving chunks for level 'ServerLevel[world_nether]'/minecraft:the_nether
[21:19:06] [Server thread/INFO]: [ChunkHolderManager] Waiting 60s for chunk system to halt for world 'world_nether'
[21:19:06] [Server thread/INFO]: [ChunkHolderManager] Halted chunk system for world 'world_nether'
[21:19:06] [Server thread/INFO]: [ChunkHolderManager] Saving all chunkholders for world 'world_nether'
[21:19:06] [Server thread/INFO]: [ChunkHolderManager] Saved 3 block chunks, 16 entity chunks, 0 poi chunks in world 'world_nether' in 0.01s
[21:19:06] [Server thread/INFO]: ThreadedAnvilChunkStorage (DIM-1): All chunks are saved
[21:19:06] [Server thread/INFO]: Saving chunks for level 'ServerLevel[world_the_end]'/minecraft:the_end
[21:19:06] [Server thread/INFO]: [ChunkHolderManager] Waiting 60s for chunk system to halt for world 'world_the_end'
[21:19:06] [Server thread/INFO]: [ChunkHolderManager] Halted chunk system for world 'world_the_end'
[21:19:06] [Server thread/INFO]: [ChunkHolderManager] Saving all chunkholders for world 'world_the_end'
[21:19:06] [Server thread/INFO]: [ChunkHolderManager] Saved 0 block chunks, 10 entity chunks, 0 poi chunks in world 'world_the_end' in 0.00s
[21:19:06] [Server thread/INFO]: ThreadedAnvilChunkStorage (DIM1): All chunks are saved
[21:19:06] [Server thread/INFO]: ThreadedAnvilChunkStorage: All dimensions are saved
[21:19:06] [Server thread/INFO]: Flushing Chunk IO
[21:19:06] [Server thread/INFO]: Closing Thread Pool
[21:19:06] [Server thread/INFO]: Closing Server
