[19:59:41] [Paper Plugin Remapper Thread - 0/INFO]: [ReobfServer] Remapping server...
[19:59:45] [Paper Plugin Remapper Thread - 0/INFO]: [ReobfServer] Done remapping server in 3850ms.
[19:59:46] [ServerMain/INFO]: Environment: Environment[sessionHost=https://sessionserver.mojang.com, servicesHost=https://api.minecraftservices.com, name=PROD]
[19:59:46] [ServerMain/INFO]: Found new data pack file/bukkit, loading it automatically
[19:59:46] [ServerMain/INFO]: Found new data pack paper, loading it automatically
[19:59:46] [ServerMain/INFO]: No existing world data, creating new world
[19:59:47] [ServerMain/INFO]: Loaded 1175 recipes
[19:59:47] [ServerMain/INFO]: Loaded 1276 advancements
[19:59:47] [Server thread/INFO]: Starting minecraft server version 1.20.6
[19:59:47] [Server thread/INFO]: Loading properties
[19:59:47] [Server thread/INFO]: This server is running Paper version 1.20.6-90-master@b149584 (2024-05-22T17:30:13Z) (Implementing API version 1.20.6-R0.1-SNAPSHOT)
[19:59:48] [Server thread/INFO]: Server Ping Player Sample Count: 12
[19:59:48] [Server thread/INFO]: Using 4 threads for Netty based IO
[19:59:48] [Server thread/INFO]: [ChunkTaskScheduler] Chunk system is using 1 I/O threads, 4 worker threads, and gen parallelism of 4 threads
[19:59:48] [Server thread/WARN]: [!] The timings profiler has been enabled but has been scheduled for removal from Paper in the future.
    We recommend installing the spark profiler as a replacement: https://spark.lucko.me/
    For more information please visit: https://github.com/PaperMC/Paper/issues/8948
[19:59:49] [Server thread/INFO]: Default game type: SURVIVAL
[19:59:49] [Server thread/INFO]: Generating keypair
[19:59:49] [Server thread/INFO]: Starting Minecraft server on *:25565
[19:59:49] [Server thread/INFO]: Using default channel type
[19:59:49] [Server thread/INFO]: Paper: Using Java compression from Velocity.
[19:59:49] [Server thread/INFO]: Paper: Using Java cipher from Velocity.
[19:59:49] [Server thread/INFO]: Preparing level "world"
[19:59:52] [Server thread/INFO]: Preparing start region for dimension minecraft:overworld
[19:59:53] [Server thread/INFO]: Time elapsed: 1575 ms
[19:59:53] [Server thread/INFO]: Preparing start region for dimension minecraft:the_nether
[19:59:54] [Server thread/INFO]: Time elapsed: 523 ms
[19:59:54] [Server thread/INFO]: Preparing start region for dimension minecraft:the_end
[19:59:54] [Server thread/INFO]: Time elapsed: 125 ms
[19:59:54] [Server thread/INFO]: Running delayed init tasks
[19:59:54] [Server thread/INFO]: Done (6.670s)! For help, type "help"
[19:59:54] [Server thread/INFO]: *************************************************************************************
[19:59:54] [Server thread/INFO]: This is the first time you're starting this server.
[19:59:54] [Server thread/INFO]: It's recommended you read our 'Getting Started' documentation for guidance.
[19:59:54] [Server thread/INFO]: View this and more helpful information here: https://docs.papermc.io/paper/next-steps
[19:59:54] [Server thread/INFO]: *************************************************************************************
[19:59:54] [Server thread/INFO]: Timings Reset
[20:00:31] [Server thread/INFO]: Unknown or incomplete command, see below for error
dsa<--[HERE]
[20:00:32] [Server thread/INFO]: Unknown or incomplete command, see below for error
d<--[HERE]
[20:00:32] [Server thread/INFO]: Unknown or incomplete command, see below for error
asd<--[HERE]
[20:00:32] [Server thread/INFO]: Unknown or incomplete command, see below for error
sa<--[HERE]
