[19:42:04] [Server thread/INFO]: Starting minecraft server version 1.9.4
[19:42:04] [Server thread/INFO]: Loading properties
[19:42:04] [Server thread/WARN]: server.properties does not exist
[19:42:04] [Server thread/INFO]: Generating new properties file
[19:42:04] [Server thread/INFO]: Default game type: SURVIVAL
[19:42:04] [Server thread/INFO]: This server is running Paper version git-Paper-775 (MC: 1.9.4) (Implementing API version 1.9.4-R0.1-SNAPSHOT)
[19:42:04] [Server thread/INFO]: Unable to find file banned-players.json, creating it.
[19:42:04] [Server thread/INFO]: Unable to find file banned-ips.json, creating it.
[19:42:04] [Server thread/INFO]: Unable to find file ops.json, creating it.
[19:42:04] [Server thread/INFO]: Unable to find file whitelist.json, creating it.
[19:42:04] [Server thread/INFO]: Debug logging is disabled
[19:42:04] [Server thread/INFO]: Server Ping Player Sample Count: 12

[19:42:04] [Server thread/INFO]: Using 4 threads for Netty based IO
[19:42:04] [Server thread/INFO]: Spigot Timings: true - Verbose: true - Interval: 5m - Length: 60m
[19:42:05] [Server thread/INFO]: Generating keypair
[19:42:05] [Server thread/INFO]: Starting Minecraft server on *:25565
[19:42:05] [Server thread/INFO]: Using default channel type
[19:42:05] [Server thread/INFO]: Your platform does not provide complete low-level API for accessing direct buffers reliably. Unless explicitly requested, heap buffer will always be preferred to avoid potential system unstability.
[19:42:05] [Server thread/INFO]: **** Beginning UUID conversion, this may take A LONG time ****
[19:42:05] [Server thread/INFO]: Preparing level "world"
[19:42:05] [Server thread/INFO]: -------- World Settings For [world] --------
[19:42:05] [Server thread/INFO]: Allow Zombie Pigmen to spawn from portal blocks: true
[19:42:05] [Server thread/INFO]: Arrow Despawn Rate: 1200
[19:42:05] [Server thread/INFO]: Item Merge Radius: 2.5
[19:42:05] [Server thread/INFO]: Item Despawn Rate: 6000
[19:42:05] [Server thread/INFO]: Zombie Aggressive Towards Villager: true
[19:42:05] [Server thread/INFO]: Mob Spawn Range: 4
[19:42:05] [Server thread/INFO]: Cactus Growth Modifier: 100%
[19:42:05] [Server thread/INFO]: Cane Growth Modifier: 100%
[19:42:05] [Server thread/INFO]: Melon Growth Modifier: 100%
[19:42:05] [Server thread/INFO]: Mushroom Growth Modifier: 100%
[19:42:05] [Server thread/INFO]: Pumpkin Growth Modifier: 100%
[19:42:05] [Server thread/INFO]: Sapling Growth Modifier: 100%
[19:42:05] [Server thread/INFO]: Wheat Growth Modifier: 100%
[19:42:05] [Server thread/INFO]: NetherWart Growth Modifier: 100%
[19:42:05] [Server thread/INFO]: Nerfing mobs spawned from spawners: false
[19:42:05] [Server thread/INFO]: Entity Activation Range: An 32 / Mo 32 / Mi 16
[19:42:05] [Server thread/INFO]: Structure Info Saving: true
[19:42:05] [Server thread/INFO]: Entity Tracking Range: Pl 48 / An 48 / Mo 48 / Mi 32 / Other 64
[19:42:05] [Server thread/INFO]: Random Lighting Updates: false
[19:42:05] [Server thread/INFO]: Hopper Transfer: 8 Hopper Check: 8 Hopper Amount: 1
[19:42:05] [Server thread/INFO]: Max Entity Collisions: 8
[19:42:05] [Server thread/INFO]: Max TNT Explosions: 100
[19:42:05] [Server thread/INFO]: Tile Max Tick Time: 50ms Entity max Tick Time: 50ms
[19:42:05] [Server thread/INFO]: Custom Map Seeds:  Village: 10387312 Feature: 14357617
[19:42:05] [Server thread/INFO]: Experience Merge Radius: 3.0
[19:42:05] [Server thread/INFO]: View Distance: 10
[19:42:05] [Server thread/INFO]: -------- World Settings For [world_nether] --------
[19:42:05] [Server thread/INFO]: Allow Zombie Pigmen to spawn from portal blocks: true
[19:42:05] [Server thread/INFO]: Arrow Despawn Rate: 1200
[19:42:05] [Server thread/INFO]: Item Merge Radius: 2.5
[19:42:05] [Server thread/INFO]: Item Despawn Rate: 6000
[19:42:05] [Server thread/INFO]: Zombie Aggressive Towards Villager: true
[19:42:05] [Server thread/INFO]: Mob Spawn Range: 4
[19:42:05] [Server thread/INFO]: Cactus Growth Modifier: 100%
[19:42:05] [Server thread/INFO]: Cane Growth Modifier: 100%
[19:42:05] [Server thread/INFO]: Melon Growth Modifier: 100%
[19:42:05] [Server thread/INFO]: Mushroom Growth Modifier: 100%
[19:42:05] [Server thread/INFO]: Pumpkin Growth Modifier: 100%
[19:42:05] [Server thread/INFO]: Sapling Growth Modifier: 100%
[19:42:05] [Server thread/INFO]: Wheat Growth Modifier: 100%
[19:42:05] [Server thread/INFO]: NetherWart Growth Modifier: 100%
[19:42:05] [Server thread/INFO]: Nerfing mobs spawned from spawners: false
[19:42:05] [Server thread/INFO]: Entity Activation Range: An 32 / Mo 32 / Mi 16
[19:42:05] [Server thread/INFO]: Structure Info Saving: true
[19:42:05] [Server thread/INFO]: Entity Tracking Range: Pl 48 / An 48 / Mo 48 / Mi 32 / Other 64
[19:42:05] [Server thread/INFO]: Random Lighting Updates: false
[19:42:05] [Server thread/INFO]: Hopper Transfer: 8 Hopper Check: 8 Hopper Amount: 1
[19:42:05] [Server thread/INFO]: Max Entity Collisions: 8
[19:42:05] [Server thread/INFO]: Max TNT Explosions: 100
[19:42:05] [Server thread/INFO]: Tile Max Tick Time: 50ms Entity max Tick Time: 50ms
[19:42:05] [Server thread/INFO]: Custom Map Seeds:  Village: 10387312 Feature: 14357617
[19:42:05] [Server thread/INFO]: Experience Merge Radius: 3.0
[19:42:05] [Server thread/INFO]: View Distance: 10
[19:42:05] [Server thread/INFO]: -------- World Settings For [world_the_end] --------
[19:42:05] [Server thread/INFO]: Allow Zombie Pigmen to spawn from portal blocks: true
[19:42:05] [Server thread/INFO]: Arrow Despawn Rate: 1200
[19:42:05] [Server thread/INFO]: Item Merge Radius: 2.5
[19:42:05] [Server thread/INFO]: Item Despawn Rate: 6000
[19:42:05] [Server thread/INFO]: Zombie Aggressive Towards Villager: true
[19:42:05] [Server thread/INFO]: Mob Spawn Range: 4
[19:42:05] [Server thread/INFO]: Cactus Growth Modifier: 100%
[19:42:05] [Server thread/INFO]: Cane Growth Modifier: 100%
[19:42:05] [Server thread/INFO]: Melon Growth Modifier: 100%
[19:42:05] [Server thread/INFO]: Mushroom Growth Modifier: 100%
[19:42:05] [Server thread/INFO]: Pumpkin Growth Modifier: 100%
[19:42:05] [Server thread/INFO]: Sapling Growth Modifier: 100%
[19:42:05] [Server thread/INFO]: Wheat Growth Modifier: 100%
[19:42:05] [Server thread/INFO]: NetherWart Growth Modifier: 100%
[19:42:05] [Server thread/INFO]: Nerfing mobs spawned from spawners: false
[19:42:05] [Server thread/INFO]: Entity Activation Range: An 32 / Mo 32 / Mi 16
[19:42:05] [Server thread/INFO]: Structure Info Saving: true
[19:42:05] [Server thread/INFO]: Entity Tracking Range: Pl 48 / An 48 / Mo 48 / Mi 32 / Other 64
[19:42:05] [Server thread/INFO]: Random Lighting Updates: false
[19:42:05] [Server thread/INFO]: Hopper Transfer: 8 Hopper Check: 8 Hopper Amount: 1
[19:42:05] [Server thread/INFO]: Max Entity Collisions: 8
[19:42:05] [Server thread/INFO]: Max TNT Explosions: 100
[19:42:05] [Server thread/INFO]: Tile Max Tick Time: 50ms Entity max Tick Time: 50ms
[19:42:05] [Server thread/INFO]: Custom Map Seeds:  Village: 10387312 Feature: 14357617
[19:42:05] [Server thread/INFO]: Experience Merge Radius: 3.0
[19:42:05] [Server thread/INFO]: View Distance: 10
[19:42:05] [Server thread/INFO]: Preparing start region for level 0 (Seed: 8295312933079528089)
[19:42:06] [Server thread/INFO]: Preparing spawn area: 15%
[19:42:07] [Server thread/INFO]: Preparing spawn area: 42%
[19:42:07] [Server thread/INFO]: Preparing start region for level 1 (Seed: 8295312933079528089)
[19:42:08] [Server thread/INFO]: Preparing start region for level 2 (Seed: 8295312933079528089)
[19:42:08] [Server thread/INFO]: Done (3.840s)! For help, type "help" or "?"
[19:42:08] [Server thread/INFO]: Timings Reset
