[20:59:06] [Server thread/INFO]: Starting minecraft server version 1.8.8
[20:59:06] [Server thread/INFO]: Loading properties
[20:59:06] [Server thread/INFO]: Default game type: SURVIVAL
[20:59:06] [Server thread/INFO]: This server is running CraftBukkit version git-PaperSpigot-445 (MC: 1.8.8) (Implementing API version 1.8.8-R0.1-SNAPSHOT)
[20:59:06] [Server thread/INFO]: Debug logging is disabled
[20:59:06] [Server thread/INFO]: Server Ping Player Sample Count: 12

[20:59:06] [Server thread/INFO]: Using 4 threads for Netty based IO
[20:59:06] [Server thread/INFO]: Spigot Timings: true - Verbose: true - Interval: 5m - Length: 60m
[20:59:06] [Server thread/INFO]: Data value allowed items: 
[20:59:06] [Server thread/WARN]: java.lang.NoSuchFieldException: modifiers

[20:59:06] [Server thread/WARN]: 	at java.base/java.lang.Class.getDeclaredField(Class.java:2707)

[20:59:06] [Server thread/WARN]: 	at org.github.paperspigot.PaperSpigotConfig.stackableBuckets(PaperSpigotConfig.java:192)

[20:59:06] [Server thread/WARN]: 	at java.base/jdk.internal.reflect.DirectMethodHandleAccessor.invoke(DirectMethodHandleAccessor.java:104)

[20:59:06] [Server thread/WARN]: 	at java.base/java.lang.reflect.Method.invoke(Method.java:578)

[20:59:06] [Server thread/WARN]: 	at org.github.paperspigot.PaperSpigotConfig.readConfig(PaperSpigotConfig.java:84)

[20:59:06] [Server thread/WARN]: 	at org.github.paperspigot.PaperSpigotConfig.init(PaperSpigotConfig.java:62)

[20:59:06] [Server thread/WARN]: 	at net.minecraft.server.v1_8_R3.DedicatedServer.init(DedicatedServer.java:181)

[20:59:06] [Server thread/WARN]: 	at net.minecraft.server.v1_8_R3.MinecraftServer.run(MinecraftServer.java:563)

[20:59:06] [Server thread/WARN]: 	at java.base/java.lang.Thread.run(Thread.java:1623)

[20:59:06] [Server thread/INFO]: Generating keypair
[20:59:06] [Server thread/INFO]: Starting Minecraft server on *:25565
[20:59:06] [Server thread/INFO]: Using default channel type
[20:59:06] [Server thread/INFO]: Your platform does not provide complete low-level API for accessing direct buffers reliably. Unless explicitly requested, heap buffer will always be preferred to avoid potential system unstability.
[20:59:06] [Server thread/INFO]: **** Beginning UUID conversion, this may take A LONG time ****
[20:59:06] [Server thread/INFO]: Preparing level "world"
[20:59:06] [Server thread/INFO]: -------- World Settings For [world] --------
[20:59:06] [Server thread/INFO]: Item Despawn Rate: 6000
[20:59:06] [Server thread/INFO]: Arrow Despawn Rate: 1200
[20:59:06] [Server thread/INFO]: View Distance: 10
[20:59:06] [Server thread/INFO]: Chunks to Grow per Tick: 650
[20:59:06] [Server thread/INFO]: Clear tick list: false
[20:59:06] [Server thread/INFO]: Mob Spawn Range: 4
[20:59:06] [Server thread/INFO]: Nerfing mobs spawned from spawners: false
[20:59:06] [Server thread/INFO]: Cactus Growth Modifier: 100%
[20:59:06] [Server thread/INFO]: Cane Growth Modifier: 100%
[20:59:06] [Server thread/INFO]: Melon Growth Modifier: 100%
[20:59:06] [Server thread/INFO]: Mushroom Growth Modifier: 100%
[20:59:06] [Server thread/INFO]: Pumpkin Growth Modifier: 100%
[20:59:06] [Server thread/INFO]: Sapling Growth Modifier: 100%
[20:59:06] [Server thread/INFO]: Wheat Growth Modifier: 100%
[20:59:06] [Server thread/INFO]: NetherWart Growth Modifier: 100%
[20:59:06] [Server thread/INFO]: Entity Activation Range: An 32 / Mo 32 / Mi 16
[20:59:06] [Server thread/INFO]: Entity Tracking Range: Pl 48 / An 48 / Mo 48 / Mi 32 / Other 64
[20:59:06] [Server thread/INFO]: Random Lighting Updates: false
[20:59:06] [Server thread/INFO]: Structure Info Saving: true
[20:59:06] [Server thread/INFO]: Sending up to 10 chunks per packet
[20:59:06] [Server thread/INFO]: Max Entity Collisions: 8
[20:59:06] [Server thread/INFO]: Custom Map Seeds:  Village: 10387312 Feature: 14357617
[20:59:06] [Server thread/INFO]: Max TNT Explosions: 100
[20:59:06] [Server thread/INFO]: Tile Max Tick Time: 50ms Entity max Tick Time: 50ms
[20:59:06] [Server thread/INFO]: Item Merge Radius: 2.5
[20:59:06] [Server thread/INFO]: Experience Merge Radius: 3.0
[20:59:06] [Server thread/INFO]: Anti X-Ray: true
[20:59:06] [Server thread/INFO]: 	Engine Mode: 1
[20:59:06] [Server thread/INFO]: 	Hidden Blocks: [14, 15, 16, 21, 48, 49, 54, 56, 73, 74, 82, 129, 130]
[20:59:06] [Server thread/INFO]: 	Replace Blocks: [1, 5]
[20:59:06] [Server thread/INFO]: Hopper Transfer: 8 Hopper Check: 8 Hopper Amount: 1
[20:59:06] [Server thread/INFO]: Allow Zombie Pigmen to spawn from portal blocks: true
[20:59:06] [Server thread/INFO]: Zombie Aggressive Towards Villager: true
[20:59:06] [Server thread/INFO]: -------- World Settings For [world] --------
[20:59:06] [Server thread/INFO]: Water over lava flow speed: 5
[20:59:06] [Server thread/INFO]: Allow undead horse types to be leashed: false
[20:59:06] [Server thread/INFO]: Keep spawn chunk loaded: true
[20:59:06] [Server thread/INFO]: World async lighting: false
[20:59:06] [Server thread/INFO]: WorldServer TickNextTick cap set at 10000
[20:59:06] [Server thread/INFO]: WorldServer TickNextTickList cap always processes redstone: false
[20:59:06] [Server thread/INFO]: Remove invalid mob spawner tile entities: true
[20:59:06] [Server thread/INFO]: Squids will spawn between Y: 45.0 and Y: 63.0
[20:59:06] [Server thread/INFO]: Max height for cactus growth 3. Max height for reed growth 3
[20:59:06] [Server thread/INFO]: Living Entity Despawn Ranges:  Soft: 32 Hard: 128
[20:59:06] [Server thread/INFO]: Fix TNT cannons: false
[20:59:06] [Server thread/INFO]: Player blocking damage multiplier set to 0.5
[20:59:06] [Server thread/INFO]: -------- World Settings For [world_nether] --------
[20:59:06] [Server thread/INFO]: Item Despawn Rate: 6000
[20:59:06] [Server thread/INFO]: Arrow Despawn Rate: 1200
[20:59:06] [Server thread/INFO]: View Distance: 10
[20:59:06] [Server thread/INFO]: Chunks to Grow per Tick: 650
[20:59:06] [Server thread/INFO]: Clear tick list: false
[20:59:06] [Server thread/INFO]: Mob Spawn Range: 4
[20:59:06] [Server thread/INFO]: Nerfing mobs spawned from spawners: false
[20:59:06] [Server thread/INFO]: Cactus Growth Modifier: 100%
[20:59:06] [Server thread/INFO]: Cane Growth Modifier: 100%
[20:59:06] [Server thread/INFO]: Melon Growth Modifier: 100%
[20:59:06] [Server thread/INFO]: Mushroom Growth Modifier: 100%
[20:59:06] [Server thread/INFO]: Pumpkin Growth Modifier: 100%
[20:59:06] [Server thread/INFO]: Sapling Growth Modifier: 100%
[20:59:06] [Server thread/INFO]: Wheat Growth Modifier: 100%
[20:59:06] [Server thread/INFO]: NetherWart Growth Modifier: 100%
[20:59:06] [Server thread/INFO]: Entity Activation Range: An 32 / Mo 32 / Mi 16
[20:59:06] [Server thread/INFO]: Entity Tracking Range: Pl 48 / An 48 / Mo 48 / Mi 32 / Other 64
[20:59:06] [Server thread/INFO]: Random Lighting Updates: false
[20:59:06] [Server thread/INFO]: Structure Info Saving: true
[20:59:06] [Server thread/INFO]: Sending up to 10 chunks per packet
[20:59:06] [Server thread/INFO]: Max Entity Collisions: 8
[20:59:06] [Server thread/INFO]: Custom Map Seeds:  Village: 10387312 Feature: 14357617
[20:59:06] [Server thread/INFO]: Max TNT Explosions: 100
[20:59:06] [Server thread/INFO]: Tile Max Tick Time: 50ms Entity max Tick Time: 50ms
[20:59:06] [Server thread/INFO]: Item Merge Radius: 2.5
[20:59:06] [Server thread/INFO]: Experience Merge Radius: 3.0
[20:59:06] [Server thread/INFO]: Anti X-Ray: true
[20:59:06] [Server thread/INFO]: 	Engine Mode: 1
[20:59:06] [Server thread/INFO]: 	Hidden Blocks: [14, 15, 16, 21, 48, 49, 54, 56, 73, 74, 82, 129, 130]
[20:59:06] [Server thread/INFO]: 	Replace Blocks: [1, 5]
[20:59:06] [Server thread/INFO]: Hopper Transfer: 8 Hopper Check: 8 Hopper Amount: 1
[20:59:06] [Server thread/INFO]: Allow Zombie Pigmen to spawn from portal blocks: true
[20:59:06] [Server thread/INFO]: Zombie Aggressive Towards Villager: true
[20:59:06] [Server thread/INFO]: -------- World Settings For [world_nether] --------
[20:59:06] [Server thread/INFO]: Water over lava flow speed: 5
[20:59:06] [Server thread/INFO]: Allow undead horse types to be leashed: false
[20:59:06] [Server thread/INFO]: Keep spawn chunk loaded: true
[20:59:06] [Server thread/INFO]: World async lighting: false
[20:59:06] [Server thread/INFO]: WorldServer TickNextTick cap set at 10000
[20:59:06] [Server thread/INFO]: WorldServer TickNextTickList cap always processes redstone: false
[20:59:06] [Server thread/INFO]: Remove invalid mob spawner tile entities: true
[20:59:06] [Server thread/INFO]: Squids will spawn between Y: 45.0 and Y: 63.0
[20:59:06] [Server thread/INFO]: Max height for cactus growth 3. Max height for reed growth 3
[20:59:06] [Server thread/INFO]: Living Entity Despawn Ranges:  Soft: 32 Hard: 128
[20:59:06] [Server thread/INFO]: Fix TNT cannons: false
[20:59:06] [Server thread/INFO]: Player blocking damage multiplier set to 0.5
[20:59:06] [Server thread/INFO]: -------- World Settings For [world_the_end] --------
[20:59:06] [Server thread/INFO]: Item Despawn Rate: 6000
[20:59:06] [Server thread/INFO]: Arrow Despawn Rate: 1200
[20:59:06] [Server thread/INFO]: View Distance: 10
[20:59:06] [Server thread/INFO]: Chunks to Grow per Tick: 650
[20:59:06] [Server thread/INFO]: Clear tick list: false
[20:59:06] [Server thread/INFO]: Mob Spawn Range: 4
[20:59:06] [Server thread/INFO]: Nerfing mobs spawned from spawners: false
[20:59:06] [Server thread/INFO]: Cactus Growth Modifier: 100%
[20:59:06] [Server thread/INFO]: Cane Growth Modifier: 100%
[20:59:06] [Server thread/INFO]: Melon Growth Modifier: 100%
[20:59:06] [Server thread/INFO]: Mushroom Growth Modifier: 100%
[20:59:06] [Server thread/INFO]: Pumpkin Growth Modifier: 100%
[20:59:06] [Server thread/INFO]: Sapling Growth Modifier: 100%
[20:59:06] [Server thread/INFO]: Wheat Growth Modifier: 100%
[20:59:06] [Server thread/INFO]: NetherWart Growth Modifier: 100%
[20:59:06] [Server thread/INFO]: Entity Activation Range: An 32 / Mo 32 / Mi 16
[20:59:06] [Server thread/INFO]: Entity Tracking Range: Pl 48 / An 48 / Mo 48 / Mi 32 / Other 64
[20:59:06] [Server thread/INFO]: Random Lighting Updates: false
[20:59:06] [Server thread/INFO]: Structure Info Saving: true
[20:59:06] [Server thread/INFO]: Sending up to 10 chunks per packet
[20:59:06] [Server thread/INFO]: Max Entity Collisions: 8
[20:59:06] [Server thread/INFO]: Custom Map Seeds:  Village: 10387312 Feature: 14357617
[20:59:06] [Server thread/INFO]: Max TNT Explosions: 100
[20:59:06] [Server thread/INFO]: Tile Max Tick Time: 50ms Entity max Tick Time: 50ms
[20:59:06] [Server thread/INFO]: Item Merge Radius: 2.5
[20:59:06] [Server thread/INFO]: Experience Merge Radius: 3.0
[20:59:06] [Server thread/INFO]: Anti X-Ray: true
[20:59:06] [Server thread/INFO]: 	Engine Mode: 1
[20:59:06] [Server thread/INFO]: 	Hidden Blocks: [14, 15, 16, 21, 48, 49, 54, 56, 73, 74, 82, 129, 130]
[20:59:06] [Server thread/INFO]: 	Replace Blocks: [1, 5]
[20:59:06] [Server thread/INFO]: Hopper Transfer: 8 Hopper Check: 8 Hopper Amount: 1
[20:59:06] [Server thread/INFO]: Allow Zombie Pigmen to spawn from portal blocks: true
[20:59:06] [Server thread/INFO]: Zombie Aggressive Towards Villager: true
[20:59:06] [Server thread/INFO]: -------- World Settings For [world_the_end] --------
[20:59:06] [Server thread/INFO]: Water over lava flow speed: 5
[20:59:06] [Server thread/INFO]: Allow undead horse types to be leashed: false
[20:59:06] [Server thread/INFO]: Keep spawn chunk loaded: true
[20:59:06] [Server thread/INFO]: World async lighting: false
[20:59:06] [Server thread/INFO]: WorldServer TickNextTick cap set at 10000
[20:59:06] [Server thread/INFO]: WorldServer TickNextTickList cap always processes redstone: false
[20:59:06] [Server thread/INFO]: Remove invalid mob spawner tile entities: true
[20:59:06] [Server thread/INFO]: Squids will spawn between Y: 45.0 and Y: 63.0
[20:59:06] [Server thread/INFO]: Max height for cactus growth 3. Max height for reed growth 3
[20:59:06] [Server thread/INFO]: Living Entity Despawn Ranges:  Soft: 32 Hard: 128
[20:59:06] [Server thread/INFO]: Fix TNT cannons: false
[20:59:06] [Server thread/INFO]: Player blocking damage multiplier set to 0.5
[20:59:06] [Server thread/INFO]: Preparing start region for level 0 (Seed: 4177935530322097757)
[20:59:06] [Server thread/INFO]: Preparing start region for level 1 (Seed: 4177935530322097757)
[20:59:07] [Server thread/INFO]: Preparing start region for level 2 (Seed: 4177935530322097757)
[20:59:07] [Server thread/INFO]: Server permissions file permissions.yml is empty, ignoring it
[20:59:07] [Server thread/INFO]: Done (0.787s)! For help, type "help" or "?"
[20:59:07] [Server thread/INFO]: Timings Reset
[20:59:15] [Thread-2/INFO]: Stopping server
[20:59:15] [Thread-2/INFO]: Saving players
[20:59:15] [Server console handler/ERROR]: Exception handling console input
java.io.IOException: Input/output error
	at java.io.FileInputStream.readBytes(Native Method) ~[?:?]
	at java.io.FileInputStream.read(FileInputStream.java:293) ~[?:?]
	at java.io.BufferedInputStream.fill(BufferedInputStream.java:258) ~[?:?]
	at java.io.BufferedInputStream.implRead(BufferedInputStream.java:292) ~[?:?]
	at java.io.BufferedInputStream.read(BufferedInputStream.java:279) ~[?:?]
	at org.bukkit.craftbukkit.libs.jline.internal.NonBlockingInputStream.read(NonBlockingInputStream.java:169) ~[patched_1.8.8.jar:git-PaperSpigot-445]
	at org.bukkit.craftbukkit.libs.jline.internal.NonBlockingInputStream.read(NonBlockingInputStream.java:137) ~[patched_1.8.8.jar:git-PaperSpigot-445]
	at org.bukkit.craftbukkit.libs.jline.internal.NonBlockingInputStream.read(NonBlockingInputStream.java:246) ~[patched_1.8.8.jar:git-PaperSpigot-445]
	at org.bukkit.craftbukkit.libs.jline.internal.InputStreamReader.read(InputStreamReader.java:261) ~[patched_1.8.8.jar:git-PaperSpigot-445]
	at org.bukkit.craftbukkit.libs.jline.internal.InputStreamReader.read(InputStreamReader.java:198) ~[patched_1.8.8.jar:git-PaperSpigot-445]
	at org.bukkit.craftbukkit.libs.jline.console.ConsoleReader.readCharacter(ConsoleReader.java:2145) ~[patched_1.8.8.jar:git-PaperSpigot-445]
	at org.bukkit.craftbukkit.libs.jline.console.ConsoleReader.readLine(ConsoleReader.java:2349) ~[patched_1.8.8.jar:git-PaperSpigot-445]
	at net.minecraft.server.v1_8_R3.DedicatedServer$2.run(DedicatedServer.java:79) [patched_1.8.8.jar:git-PaperSpigot-445]
